<?xml version="1.0" encoding="UTF-8"?>
<testng-results ignored="0" total="1" passed="1" failed="0" skipped="0">
  <reporter-output>
  </reporter-output>
  <suite started-at="2025-09-08T12:02:00 IST" name="IRCTC Flight Automation Suite" finished-at="2025-09-08T12:02:28 IST" duration-ms="27703">
    <groups>
    </groups>
    <test started-at="2025-09-08T12:02:00 IST" name="Flight Search Test" finished-at="2025-09-08T12:02:28 IST" duration-ms="27703">
      <class name="com.irctcFlight.tests.FlightSearchTest">
        <test-method is-config="true" signature="setUp()[pri:0, instance:com.irctcFlight.tests.FlightSearchTest@22ff4249]" started-at="2025-09-08T12:02:00 IST" name="setUp" finished-at="2025-09-08T12:02:03 IST" duration-ms="3333" status="PASS">
          <reporter-output>
          </reporter-output>
        </test-method> <!-- setUp -->
        <test-method signature="testFlightSearch()[pri:0, instance:com.irctcFlight.tests.FlightSearchTest@22ff4249]" started-at="2025-09-08T12:02:03 IST" name="testFlightSearch" finished-at="2025-09-08T12:02:25 IST" duration-ms="21581" status="PASS">
          <reporter-output>
          </reporter-output>
        </test-method> <!-- testFlightSearch -->
        <test-method is-config="true" signature="tearDown()[pri:0, instance:com.irctcFlight.tests.FlightSearchTest@22ff4249]" started-at="2025-09-08T12:02:25 IST" name="tearDown" finished-at="2025-09-08T12:02:28 IST" duration-ms="2729" status="PASS">
          <reporter-output>
          </reporter-output>
        </test-method> <!-- tearDown -->
      </class> <!-- com.irctcFlight.tests.FlightSearchTest -->
    </test> <!-- Flight Search Test -->
  </suite> <!-- IRCTC Flight Automation Suite -->
</testng-results>
